PS C:\Users\sgune\sgune-dev\sgune-ai\amp-cab-nn> python .\main.py
USING DEVICE:  cuda
GPU: NVIDIA GeForce GTX 1080 Ti

Loading audio files...
Audio files loaded!

tensor(0.5000)
tensor(0.5000)
Visualizing input audio...
  → Saved: graphs\waveform_clean_di.png
  → Saved: graphs\waveform_amp_output.png
  → Saved: graphs\spectrum_clean_spectrum.png
  → Saved: graphs\spectrum_amp_spectrum.png
  → Saved: graphs\ir_cabinet_ir.png
  → Saved: graphs\spectrum_cabinet_ir_spectrum.png
Input visualizations complete!

Oversampling audio...
Oversampling complete!

Preparing training data...
Creating training windows: 100%|████████████████████████████████████████████████████████████████████████████████████████████████████████████████████████████████████| 352544/352544 [00:02<00:00, 125474.57it/s]
Training data prepared: torch.Size([352544, 1, 256]) samples

Training HAS BEGUN....
Epoch 1/50: 100%|██████████████████████████████████████████████████████████████████████████████████████████████████████████████████████████████████████████████████████████| 1378/1378 [00:05<00:00, 246.67it/s]
Epoch 1/50 - Loss: 0.1768
Epoch 2/50: 100%|██████████████████████████████████████████████████████████████████████████████████████████████████████████████████████████████████████████████████████████| 1378/1378 [00:05<00:00, 268.68it/s]
Epoch 2/50 - Loss: 0.1697
Epoch 3/50: 100%|██████████████████████████████████████████████████████████████████████████████████████████████████████████████████████████████████████████████████████████| 1378/1378 [00:05<00:00, 267.14it/s]
Epoch 3/50 - Loss: 0.1696
Epoch 4/50: 100%|██████████████████████████████████████████████████████████████████████████████████████████████████████████████████████████████████████████████████████████| 1378/1378 [00:05<00:00, 251.84it/s]
Epoch 4/50 - Loss: 0.1697
Epoch 5/50: 100%|██████████████████████████████████████████████████████████████████████████████████████████████████████████████████████████████████████████████████████████| 1378/1378 [00:05<00:00, 250.50it/s]
Epoch 5/50 - Loss: 0.1701
Epoch 6/50: 100%|██████████████████████████████████████████████████████████████████████████████████████████████████████████████████████████████████████████████████████████| 1378/1378 [00:05<00:00, 239.40it/s]
Epoch 6/50 - Loss: 0.1699
Epoch 7/50: 100%|██████████████████████████████████████████████████████████████████████████████████████████████████████████████████████████████████████████████████████████| 1378/1378 [00:05<00:00, 234.28it/s]
Epoch 7/50 - Loss: 0.1696
Epoch 8/50: 100%|██████████████████████████████████████████████████████████████████████████████████████████████████████████████████████████████████████████████████████████| 1378/1378 [00:06<00:00, 228.75it/s]
Epoch 8/50 - Loss: 0.1694
Epoch 9/50: 100%|██████████████████████████████████████████████████████████████████████████████████████████████████████████████████████████████████████████████████████████| 1378/1378 [00:05<00:00, 231.73it/s]
Epoch 9/50 - Loss: 0.1699
Epoch 10/50: 100%|█████████████████████████████████████████████████████████████████████████████████████████████████████████████████████████████████████████████████████████| 1378/1378 [00:05<00:00, 235.58it/s]
Epoch 10/50 - Loss: 0.1696
Epoch 11/50: 100%|█████████████████████████████████████████████████████████████████████████████████████████████████████████████████████████████████████████████████████████| 1378/1378 [00:05<00:00, 235.06it/s]
Epoch 11/50 - Loss: 0.1691
Epoch 12/50: 100%|█████████████████████████████████████████████████████████████████████████████████████████████████████████████████████████████████████████████████████████| 1378/1378 [00:06<00:00, 221.96it/s]
Epoch 12/50 - Loss: 0.1692
Epoch 13/50: 100%|█████████████████████████████████████████████████████████████████████████████████████████████████████████████████████████████████████████████████████████| 1378/1378 [00:06<00:00, 213.58it/s]
Epoch 13/50 - Loss: 0.1688
Epoch 14/50: 100%|█████████████████████████████████████████████████████████████████████████████████████████████████████████████████████████████████████████████████████████| 1378/1378 [00:06<00:00, 225.16it/s]
Epoch 14/50 - Loss: 0.1689
Epoch 15/50: 100%|█████████████████████████████████████████████████████████████████████████████████████████████████████████████████████████████████████████████████████████| 1378/1378 [00:05<00:00, 240.53it/s]
Epoch 15/50 - Loss: 0.1680
Epoch 16/50: 100%|█████████████████████████████████████████████████████████████████████████████████████████████████████████████████████████████████████████████████████████| 1378/1378 [00:05<00:00, 253.99it/s]
Epoch 16/50 - Loss: 0.1692
Epoch 17/50: 100%|█████████████████████████████████████████████████████████████████████████████████████████████████████████████████████████████████████████████████████████| 1378/1378 [00:05<00:00, 250.24it/s]
Epoch 17/50 - Loss: 0.1693
Epoch 18/50: 100%|█████████████████████████████████████████████████████████████████████████████████████████████████████████████████████████████████████████████████████████| 1378/1378 [00:05<00:00, 250.23it/s]
Epoch 18/50 - Loss: 0.1693
Epoch 19/50: 100%|█████████████████████████████████████████████████████████████████████████████████████████████████████████████████████████████████████████████████████████| 1378/1378 [00:05<00:00, 255.63it/s]
Epoch 19/50 - Loss: 0.1691
Epoch 20/50: 100%|█████████████████████████████████████████████████████████████████████████████████████████████████████████████████████████████████████████████████████████| 1378/1378 [00:05<00:00, 255.32it/s]
Epoch 20/50 - Loss: 0.1692
Epoch 21/50: 100%|█████████████████████████████████████████████████████████████████████████████████████████████████████████████████████████████████████████████████████████| 1378/1378 [00:05<00:00, 250.88it/s]
Epoch 21/50 - Loss: 0.1690
Epoch 22/50: 100%|█████████████████████████████████████████████████████████████████████████████████████████████████████████████████████████████████████████████████████████| 1378/1378 [00:05<00:00, 251.75it/s]
Epoch 22/50 - Loss: 0.1693
Epoch 23/50: 100%|█████████████████████████████████████████████████████████████████████████████████████████████████████████████████████████████████████████████████████████| 1378/1378 [00:05<00:00, 253.72it/s]
Epoch 23/50 - Loss: 0.1691
Epoch 24/50: 100%|█████████████████████████████████████████████████████████████████████████████████████████████████████████████████████████████████████████████████████████| 1378/1378 [00:05<00:00, 253.91it/s]
Epoch 24/50 - Loss: 0.1762
Epoch 25/50: 100%|█████████████████████████████████████████████████████████████████████████████████████████████████████████████████████████████████████████████████████████| 1378/1378 [00:05<00:00, 251.01it/s]
Epoch 25/50 - Loss: 0.1690
Epoch 26/50: 100%|█████████████████████████████████████████████████████████████████████████████████████████████████████████████████████████████████████████████████████████| 1378/1378 [00:05<00:00, 240.88it/s]
Epoch 26/50 - Loss: 0.1688
Epoch 27/50: 100%|█████████████████████████████████████████████████████████████████████████████████████████████████████████████████████████████████████████████████████████| 1378/1378 [00:05<00:00, 256.48it/s]
Epoch 27/50 - Loss: 0.1691
Epoch 28/50: 100%|█████████████████████████████████████████████████████████████████████████████████████████████████████████████████████████████████████████████████████████| 1378/1378 [00:05<00:00, 246.68it/s]
Epoch 28/50 - Loss: 0.1690
Epoch 29/50: 100%|█████████████████████████████████████████████████████████████████████████████████████████████████████████████████████████████████████████████████████████| 1378/1378 [00:05<00:00, 250.95it/s]
Epoch 29/50 - Loss: 0.1689
Epoch 30/50: 100%|█████████████████████████████████████████████████████████████████████████████████████████████████████████████████████████████████████████████████████████| 1378/1378 [00:05<00:00, 249.56it/s]
Epoch 30/50 - Loss: 0.1687
Epoch 31/50: 100%|█████████████████████████████████████████████████████████████████████████████████████████████████████████████████████████████████████████████████████████| 1378/1378 [00:05<00:00, 257.53it/s]
Epoch 31/50 - Loss: 0.1691
Epoch 32/50: 100%|█████████████████████████████████████████████████████████████████████████████████████████████████████████████████████████████████████████████████████████| 1378/1378 [00:05<00:00, 233.89it/s]
Epoch 32/50 - Loss: 0.1692
Epoch 33/50: 100%|█████████████████████████████████████████████████████████████████████████████████████████████████████████████████████████████████████████████████████████| 1378/1378 [00:05<00:00, 232.54it/s]
Epoch 33/50 - Loss: 0.1692
Epoch 34/50: 100%|█████████████████████████████████████████████████████████████████████████████████████████████████████████████████████████████████████████████████████████| 1378/1378 [00:05<00:00, 241.99it/s]
Epoch 34/50 - Loss: 0.1689
Epoch 35/50: 100%|█████████████████████████████████████████████████████████████████████████████████████████████████████████████████████████████████████████████████████████| 1378/1378 [00:05<00:00, 237.18it/s]
Epoch 35/50 - Loss: 0.1685
Epoch 36/50: 100%|█████████████████████████████████████████████████████████████████████████████████████████████████████████████████████████████████████████████████████████| 1378/1378 [00:05<00:00, 241.99it/s]
Epoch 36/50 - Loss: 0.1696
Epoch 37/50: 100%|█████████████████████████████████████████████████████████████████████████████████████████████████████████████████████████████████████████████████████████| 1378/1378 [00:06<00:00, 222.26it/s]
Epoch 37/50 - Loss: 0.1703
Epoch 38/50: 100%|█████████████████████████████████████████████████████████████████████████████████████████████████████████████████████████████████████████████████████████| 1378/1378 [00:06<00:00, 210.31it/s]
Epoch 38/50 - Loss: 0.1692
Epoch 39/50: 100%|█████████████████████████████████████████████████████████████████████████████████████████████████████████████████████████████████████████████████████████| 1378/1378 [00:06<00:00, 207.12it/s]
Epoch 39/50 - Loss: 0.1691
Epoch 40/50: 100%|█████████████████████████████████████████████████████████████████████████████████████████████████████████████████████████████████████████████████████████| 1378/1378 [00:06<00:00, 201.08it/s]
Epoch 40/50 - Loss: 0.1687
Epoch 41/50: 100%|█████████████████████████████████████████████████████████████████████████████████████████████████████████████████████████████████████████████████████████| 1378/1378 [00:06<00:00, 228.05it/s]
Epoch 41/50 - Loss: 0.1692
Epoch 42/50: 100%|█████████████████████████████████████████████████████████████████████████████████████████████████████████████████████████████████████████████████████████| 1378/1378 [00:05<00:00, 238.02it/s]
Epoch 42/50 - Loss: 0.1689
Epoch 43/50: 100%|█████████████████████████████████████████████████████████████████████████████████████████████████████████████████████████████████████████████████████████| 1378/1378 [00:06<00:00, 228.58it/s]
Epoch 43/50 - Loss: 0.1690
Epoch 44/50: 100%|█████████████████████████████████████████████████████████████████████████████████████████████████████████████████████████████████████████████████████████| 1378/1378 [00:05<00:00, 238.27it/s]
Epoch 44/50 - Loss: 0.1690
Epoch 45/50: 100%|█████████████████████████████████████████████████████████████████████████████████████████████████████████████████████████████████████████████████████████| 1378/1378 [00:06<00:00, 213.74it/s]
Epoch 45/50 - Loss: 0.1693
Epoch 46/50: 100%|█████████████████████████████████████████████████████████████████████████████████████████████████████████████████████████████████████████████████████████| 1378/1378 [00:06<00:00, 207.78it/s]
Epoch 46/50 - Loss: 0.1691
Epoch 47/50: 100%|█████████████████████████████████████████████████████████████████████████████████████████████████████████████████████████████████████████████████████████| 1378/1378 [00:06<00:00, 223.67it/s]
Epoch 47/50 - Loss: 0.1692
Epoch 48/50: 100%|█████████████████████████████████████████████████████████████████████████████████████████████████████████████████████████████████████████████████████████| 1378/1378 [00:06<00:00, 229.39it/s]
Epoch 48/50 - Loss: 0.1692
Epoch 49/50: 100%|█████████████████████████████████████████████████████████████████████████████████████████████████████████████████████████████████████████████████████████| 1378/1378 [00:06<00:00, 227.52it/s]
Epoch 49/50 - Loss: 0.1726
Epoch 50/50: 100%|█████████████████████████████████████████████████████████████████████████████████████████████████████████████████████████████████████████████████████████| 1378/1378 [00:06<00:00, 210.84it/s]
Epoch 50/50 - Loss: 0.1691
Generating transfer curve...
Computing transfer curve: 100%|███████████████████████████████████████████████████████████████████████████████████████████████████████████████████████████████████████████| 1744/1744 [00:00<00:00, 2021.24it/s]
  → Saved: graphs\transfer_curve.png
Transfer curve complete!

Running inference...
running inference: 100%|██████████████████████████████████████████████████████████████████████████████████████████████████████████████████████████████████████████████| 352544/352544 [04:06<00:00, 1428.85it/s]
Saved output: modeled_amp_with_cab.wav

Visualizing output...
  → Saved: graphs\waveform_modeled_output.png
  → Saved: graphs\spectrum_modeled_output_spectrum.png                                                                                                                                   | 19338/352544 [00:15<04:49, 1149.47it/s]
