(venv) PS C:\Users\sgune\sgune-dev\sgune-ai\amp-cab-nn> python .\main.py
USING DEVICE:  cuda
GPU: NVIDIA GeForce GTX 1080 Ti

Loading audio files...
Audio files loaded!

tensor(0.5000)
tensor(0.5000)
Visualizing input audio...
  → Saved: graphs\waveform_clean_di.png
  → Saved: graphs\waveform_amp_output.png
  → Saved: graphs\spectrum_clean_spectrum.png
  → Saved: graphs\spectrum_amp_spectrum.png
  → Saved: graphs\ir_cabinet_ir.png
  → Saved: graphs\spectrum_cabinet_ir_spectrum.png
Input visualizations complete!

Oversampling audio...
Oversampling complete!

Preparing training data...
Creating training windows: 100%|████████████████████████████████████████████████████████████████████████████████████████████████████████████████████████████████████| 352544/352544 [00:02<00:00, 126020.60it/s]
Training data prepared: torch.Size([352544, 1, 256]) samples

Training HAS BEGUN....
Epoch 1/100: 100%|█████████████████████████████████████████████████████████████████████████████████████████████████████████████████████████████████████████████████████████| 1378/1378 [00:10<00:00, 131.03it/s]
Epoch 1/100 - Loss: 0.4204
Epoch 2/100: 100%|█████████████████████████████████████████████████████████████████████████████████████████████████████████████████████████████████████████████████████████| 1378/1378 [00:10<00:00, 137.44it/s]
Epoch 2/100 - Loss: 0.4242
Epoch 3/100: 100%|█████████████████████████████████████████████████████████████████████████████████████████████████████████████████████████████████████████████████████████| 1378/1378 [00:09<00:00, 138.52it/s]
Epoch 3/100 - Loss: 0.4201
Epoch 4/100: 100%|█████████████████████████████████████████████████████████████████████████████████████████████████████████████████████████████████████████████████████████| 1378/1378 [00:10<00:00, 135.75it/s]
Epoch 4/100 - Loss: 0.4169
Epoch 5/100: 100%|█████████████████████████████████████████████████████████████████████████████████████████████████████████████████████████████████████████████████████████| 1378/1378 [00:10<00:00, 130.19it/s]
Epoch 5/100 - Loss: 0.4189
Epoch 6/100: 100%|█████████████████████████████████████████████████████████████████████████████████████████████████████████████████████████████████████████████████████████| 1378/1378 [00:10<00:00, 126.20it/s]
Epoch 6/100 - Loss: 0.4185
Epoch 7/100: 100%|█████████████████████████████████████████████████████████████████████████████████████████████████████████████████████████████████████████████████████████| 1378/1378 [00:10<00:00, 125.68it/s]
Epoch 7/100 - Loss: 0.4194
Epoch 8/100: 100%|█████████████████████████████████████████████████████████████████████████████████████████████████████████████████████████████████████████████████████████| 1378/1378 [00:11<00:00, 125.08it/s]
Epoch 8/100 - Loss: 0.4200
Epoch 9/100: 100%|█████████████████████████████████████████████████████████████████████████████████████████████████████████████████████████████████████████████████████████| 1378/1378 [00:10<00:00, 125.73it/s]
Epoch 9/100 - Loss: 0.4172
Epoch 10/100: 100%|████████████████████████████████████████████████████████████████████████████████████████████████████████████████████████████████████████████████████████| 1378/1378 [00:10<00:00, 126.06it/s]
Epoch 10/100 - Loss: 0.4182
Epoch 11/100: 100%|████████████████████████████████████████████████████████████████████████████████████████████████████████████████████████████████████████████████████████| 1378/1378 [00:10<00:00, 126.36it/s]
Epoch 11/100 - Loss: 0.4160
Epoch 12/100: 100%|████████████████████████████████████████████████████████████████████████████████████████████████████████████████████████████████████████████████████████| 1378/1378 [00:10<00:00, 126.32it/s]
Epoch 12/100 - Loss: 0.4172
Epoch 13/100: 100%|████████████████████████████████████████████████████████████████████████████████████████████████████████████████████████████████████████████████████████| 1378/1378 [00:10<00:00, 125.92it/s]
Epoch 13/100 - Loss: 0.4178
Epoch 14/100: 100%|████████████████████████████████████████████████████████████████████████████████████████████████████████████████████████████████████████████████████████| 1378/1378 [00:11<00:00, 125.23it/s]
Epoch 14/100 - Loss: 0.4182
Epoch 15/100: 100%|████████████████████████████████████████████████████████████████████████████████████████████████████████████████████████████████████████████████████████| 1378/1378 [00:10<00:00, 125.31it/s]
Epoch 15/100 - Loss: 0.4172
Epoch 16/100: 100%|████████████████████████████████████████████████████████████████████████████████████████████████████████████████████████████████████████████████████████| 1378/1378 [00:11<00:00, 125.14it/s]
Epoch 16/100 - Loss: 0.4168
Epoch 17/100: 100%|████████████████████████████████████████████████████████████████████████████████████████████████████████████████████████████████████████████████████████| 1378/1378 [00:10<00:00, 125.85it/s]
Epoch 17/100 - Loss: 0.4190
Epoch 18/100: 100%|████████████████████████████████████████████████████████████████████████████████████████████████████████████████████████████████████████████████████████| 1378/1378 [00:10<00:00, 125.76it/s]
Epoch 18/100 - Loss: 0.4171
Epoch 19/100: 100%|████████████████████████████████████████████████████████████████████████████████████████████████████████████████████████████████████████████████████████| 1378/1378 [00:10<00:00, 126.14it/s]
Epoch 19/100 - Loss: 0.4172
Epoch 20/100: 100%|████████████████████████████████████████████████████████████████████████████████████████████████████████████████████████████████████████████████████████| 1378/1378 [00:11<00:00, 125.13it/s]
Epoch 20/100 - Loss: 0.4170
Epoch 21/100: 100%|████████████████████████████████████████████████████████████████████████████████████████████████████████████████████████████████████████████████████████| 1378/1378 [00:10<00:00, 126.04it/s]
Epoch 21/100 - Loss: 0.4173
Epoch 22/100: 100%|████████████████████████████████████████████████████████████████████████████████████████████████████████████████████████████████████████████████████████| 1378/1378 [00:10<00:00, 125.81it/s]
Epoch 22/100 - Loss: 0.4185
Epoch 23/100: 100%|████████████████████████████████████████████████████████████████████████████████████████████████████████████████████████████████████████████████████████| 1378/1378 [00:11<00:00, 121.08it/s]
Epoch 23/100 - Loss: 0.4195
Epoch 24/100: 100%|████████████████████████████████████████████████████████████████████████████████████████████████████████████████████████████████████████████████████████| 1378/1378 [00:10<00:00, 125.31it/s]
Epoch 24/100 - Loss: 0.4193
Epoch 25/100: 100%|████████████████████████████████████████████████████████████████████████████████████████████████████████████████████████████████████████████████████████| 1378/1378 [00:11<00:00, 123.58it/s]
Epoch 25/100 - Loss: 0.4170
Epoch 26/100: 100%|████████████████████████████████████████████████████████████████████████████████████████████████████████████████████████████████████████████████████████| 1378/1378 [00:10<00:00, 125.63it/s]
Epoch 26/100 - Loss: 0.4162
Epoch 27/100: 100%|████████████████████████████████████████████████████████████████████████████████████████████████████████████████████████████████████████████████████████| 1378/1378 [00:10<00:00, 126.03it/s]
Epoch 27/100 - Loss: 0.4172
Epoch 28/100: 100%|████████████████████████████████████████████████████████████████████████████████████████████████████████████████████████████████████████████████████████| 1378/1378 [00:10<00:00, 125.88it/s]
Epoch 28/100 - Loss: 0.4179
Epoch 29/100: 100%|████████████████████████████████████████████████████████████████████████████████████████████████████████████████████████████████████████████████████████| 1378/1378 [00:10<00:00, 125.79it/s]
Epoch 29/100 - Loss: 0.4162
Epoch 30/100: 100%|████████████████████████████████████████████████████████████████████████████████████████████████████████████████████████████████████████████████████████| 1378/1378 [00:10<00:00, 125.84it/s]
Epoch 30/100 - Loss: 0.4170
Epoch 31/100: 100%|████████████████████████████████████████████████████████████████████████████████████████████████████████████████████████████████████████████████████████| 1378/1378 [00:11<00:00, 124.84it/s]
Epoch 31/100 - Loss: 0.4184
Epoch 32/100: 100%|████████████████████████████████████████████████████████████████████████████████████████████████████████████████████████████████████████████████████████| 1378/1378 [00:10<00:00, 125.74it/s]
Epoch 32/100 - Loss: 0.4182
Epoch 33/100: 100%|████████████████████████████████████████████████████████████████████████████████████████████████████████████████████████████████████████████████████████| 1378/1378 [00:10<00:00, 126.01it/s]
Epoch 33/100 - Loss: 0.4171
Epoch 34/100: 100%|████████████████████████████████████████████████████████████████████████████████████████████████████████████████████████████████████████████████████████| 1378/1378 [00:10<00:00, 125.72it/s]
Epoch 34/100 - Loss: 0.4162
Epoch 35/100: 100%|████████████████████████████████████████████████████████████████████████████████████████████████████████████████████████████████████████████████████████| 1378/1378 [00:10<00:00, 125.64it/s]
Epoch 35/100 - Loss: 0.4162
Epoch 36/100: 100%|████████████████████████████████████████████████████████████████████████████████████████████████████████████████████████████████████████████████████████| 1378/1378 [00:10<00:00, 125.31it/s]
Epoch 36/100 - Loss: 0.4155
Epoch 37/100: 100%|████████████████████████████████████████████████████████████████████████████████████████████████████████████████████████████████████████████████████████| 1378/1378 [00:10<00:00, 125.64it/s]
Epoch 37/100 - Loss: 0.4170
Epoch 38/100: 100%|████████████████████████████████████████████████████████████████████████████████████████████████████████████████████████████████████████████████████████| 1378/1378 [00:10<00:00, 125.82it/s]
Epoch 38/100 - Loss: 0.4173
Epoch 39/100: 100%|████████████████████████████████████████████████████████████████████████████████████████████████████████████████████████████████████████████████████████| 1378/1378 [00:10<00:00, 125.78it/s]
Epoch 39/100 - Loss: 0.4182
Epoch 40/100: 100%|████████████████████████████████████████████████████████████████████████████████████████████████████████████████████████████████████████████████████████| 1378/1378 [00:10<00:00, 126.02it/s]
Epoch 40/100 - Loss: 0.4180
Epoch 41/100: 100%|████████████████████████████████████████████████████████████████████████████████████████████████████████████████████████████████████████████████████████| 1378/1378 [00:10<00:00, 125.68it/s]
Epoch 41/100 - Loss: 0.4179
Epoch 42/100: 100%|████████████████████████████████████████████████████████████████████████████████████████████████████████████████████████████████████████████████████████| 1378/1378 [00:11<00:00, 123.87it/s]
Epoch 42/100 - Loss: 0.4183
Epoch 43/100: 100%|████████████████████████████████████████████████████████████████████████████████████████████████████████████████████████████████████████████████████████| 1378/1378 [00:11<00:00, 124.97it/s]
Epoch 43/100 - Loss: 0.4170
Epoch 44/100: 100%|████████████████████████████████████████████████████████████████████████████████████████████████████████████████████████████████████████████████████████| 1378/1378 [00:10<00:00, 126.02it/s]
Epoch 44/100 - Loss: 0.4174
Epoch 45/100: 100%|████████████████████████████████████████████████████████████████████████████████████████████████████████████████████████████████████████████████████████| 1378/1378 [00:10<00:00, 126.08it/s]
Epoch 45/100 - Loss: 0.4164
Epoch 46/100: 100%|████████████████████████████████████████████████████████████████████████████████████████████████████████████████████████████████████████████████████████| 1378/1378 [00:10<00:00, 125.79it/s]
Epoch 46/100 - Loss: 0.4207
Epoch 47/100: 100%|████████████████████████████████████████████████████████████████████████████████████████████████████████████████████████████████████████████████████████| 1378/1378 [00:10<00:00, 125.93it/s]
Epoch 47/100 - Loss: 0.4171
Epoch 48/100: 100%|████████████████████████████████████████████████████████████████████████████████████████████████████████████████████████████████████████████████████████| 1378/1378 [00:11<00:00, 124.88it/s]
Epoch 48/100 - Loss: 0.4152
Epoch 49/100: 100%|████████████████████████████████████████████████████████████████████████████████████████████████████████████████████████████████████████████████████████| 1378/1378 [00:10<00:00, 125.65it/s]
Epoch 49/100 - Loss: 0.4146
Epoch 50/100: 100%|████████████████████████████████████████████████████████████████████████████████████████████████████████████████████████████████████████████████████████| 1378/1378 [00:10<00:00, 125.88it/s]
Epoch 50/100 - Loss: 0.4173
Epoch 51/100: 100%|████████████████████████████████████████████████████████████████████████████████████████████████████████████████████████████████████████████████████████| 1378/1378 [00:10<00:00, 125.87it/s]
Epoch 51/100 - Loss: 0.4169
Epoch 52/100: 100%|████████████████████████████████████████████████████████████████████████████████████████████████████████████████████████████████████████████████████████| 1378/1378 [00:10<00:00, 125.85it/s]
Epoch 52/100 - Loss: 0.4171
Epoch 53/100: 100%|████████████████████████████████████████████████████████████████████████████████████████████████████████████████████████████████████████████████████████| 1378/1378 [00:11<00:00, 125.15it/s]
Epoch 53/100 - Loss: 0.4176
Epoch 54/100: 100%|████████████████████████████████████████████████████████████████████████████████████████████████████████████████████████████████████████████████████████| 1378/1378 [00:10<00:00, 126.06it/s]
Epoch 54/100 - Loss: 0.4184
Epoch 55/100: 100%|████████████████████████████████████████████████████████████████████████████████████████████████████████████████████████████████████████████████████████| 1378/1378 [00:10<00:00, 125.89it/s]
Epoch 55/100 - Loss: 0.4175
Epoch 56/100: 100%|████████████████████████████████████████████████████████████████████████████████████████████████████████████████████████████████████████████████████████| 1378/1378 [00:10<00:00, 125.84it/s]
Epoch 56/100 - Loss: 0.4175
Epoch 57/100: 100%|████████████████████████████████████████████████████████████████████████████████████████████████████████████████████████████████████████████████████████| 1378/1378 [00:10<00:00, 125.84it/s]
Epoch 57/100 - Loss: 0.4161
Epoch 58/100: 100%|████████████████████████████████████████████████████████████████████████████████████████████████████████████████████████████████████████████████████████| 1378/1378 [00:10<00:00, 125.80it/s]
Epoch 58/100 - Loss: 0.4161
Epoch 59/100: 100%|████████████████████████████████████████████████████████████████████████████████████████████████████████████████████████████████████████████████████████| 1378/1378 [00:11<00:00, 125.07it/s]
Epoch 59/100 - Loss: 0.4166
Epoch 60/100: 100%|████████████████████████████████████████████████████████████████████████████████████████████████████████████████████████████████████████████████████████| 1378/1378 [00:10<00:00, 125.98it/s]
Epoch 60/100 - Loss: 0.4159
Epoch 61/100: 100%|████████████████████████████████████████████████████████████████████████████████████████████████████████████████████████████████████████████████████████| 1378/1378 [00:10<00:00, 125.80it/s]
Epoch 61/100 - Loss: 0.4186
Epoch 62/100: 100%|████████████████████████████████████████████████████████████████████████████████████████████████████████████████████████████████████████████████████████| 1378/1378 [00:10<00:00, 125.99it/s]
Epoch 62/100 - Loss: 0.4178
Epoch 63/100: 100%|████████████████████████████████████████████████████████████████████████████████████████████████████████████████████████████████████████████████████████| 1378/1378 [00:10<00:00, 125.59it/s]
Epoch 63/100 - Loss: 0.4165
Epoch 64/100: 100%|████████████████████████████████████████████████████████████████████████████████████████████████████████████████████████████████████████████████████████| 1378/1378 [00:10<00:00, 126.07it/s]
Epoch 64/100 - Loss: 0.4173
Epoch 65/100: 100%|████████████████████████████████████████████████████████████████████████████████████████████████████████████████████████████████████████████████████████| 1378/1378 [00:11<00:00, 125.13it/s]
Epoch 65/100 - Loss: 0.4172
Epoch 66/100: 100%|████████████████████████████████████████████████████████████████████████████████████████████████████████████████████████████████████████████████████████| 1378/1378 [00:10<00:00, 126.09it/s]
Epoch 66/100 - Loss: 0.4179
Epoch 67/100: 100%|████████████████████████████████████████████████████████████████████████████████████████████████████████████████████████████████████████████████████████| 1378/1378 [00:10<00:00, 126.13it/s]
Epoch 67/100 - Loss: 0.4169
Epoch 68/100: 100%|████████████████████████████████████████████████████████████████████████████████████████████████████████████████████████████████████████████████████████| 1378/1378 [00:10<00:00, 125.89it/s]
Epoch 68/100 - Loss: 0.4180
Epoch 69/100: 100%|████████████████████████████████████████████████████████████████████████████████████████████████████████████████████████████████████████████████████████| 1378/1378 [00:10<00:00, 126.21it/s]
Epoch 69/100 - Loss: 0.4170
Epoch 70/100: 100%|████████████████████████████████████████████████████████████████████████████████████████████████████████████████████████████████████████████████████████| 1378/1378 [00:10<00:00, 125.53it/s]
Epoch 70/100 - Loss: 0.4179
Epoch 71/100: 100%|████████████████████████████████████████████████████████████████████████████████████████████████████████████████████████████████████████████████████████| 1378/1378 [00:10<00:00, 126.09it/s]
Epoch 71/100 - Loss: 0.4176
Epoch 72/100: 100%|████████████████████████████████████████████████████████████████████████████████████████████████████████████████████████████████████████████████████████| 1378/1378 [00:10<00:00, 125.98it/s]
Epoch 72/100 - Loss: 0.4158
Epoch 73/100: 100%|████████████████████████████████████████████████████████████████████████████████████████████████████████████████████████████████████████████████████████| 1378/1378 [00:10<00:00, 125.97it/s]
Epoch 73/100 - Loss: 0.4208
Epoch 74/100: 100%|████████████████████████████████████████████████████████████████████████████████████████████████████████████████████████████████████████████████████████| 1378/1378 [00:10<00:00, 126.30it/s]
Epoch 74/100 - Loss: 0.4152
Epoch 75/100: 100%|████████████████████████████████████████████████████████████████████████████████████████████████████████████████████████████████████████████████████████| 1378/1378 [00:10<00:00, 125.95it/s]
Epoch 75/100 - Loss: 0.4339
Epoch 76/100: 100%|████████████████████████████████████████████████████████████████████████████████████████████████████████████████████████████████████████████████████████| 1378/1378 [00:10<00:00, 125.34it/s]
Epoch 76/100 - Loss: 0.4169
Epoch 77/100: 100%|████████████████████████████████████████████████████████████████████████████████████████████████████████████████████████████████████████████████████████| 1378/1378 [00:10<00:00, 126.05it/s]
Epoch 77/100 - Loss: 0.4190
Epoch 78/100: 100%|████████████████████████████████████████████████████████████████████████████████████████████████████████████████████████████████████████████████████████| 1378/1378 [00:10<00:00, 125.83it/s]
Epoch 78/100 - Loss: 0.4188
Epoch 79/100: 100%|████████████████████████████████████████████████████████████████████████████████████████████████████████████████████████████████████████████████████████| 1378/1378 [00:10<00:00, 125.74it/s]
Epoch 79/100 - Loss: 0.4171
Epoch 80/100: 100%|████████████████████████████████████████████████████████████████████████████████████████████████████████████████████████████████████████████████████████| 1378/1378 [00:10<00:00, 125.71it/s]
Epoch 80/100 - Loss: 0.4181
Epoch 81/100: 100%|████████████████████████████████████████████████████████████████████████████████████████████████████████████████████████████████████████████████████████| 1378/1378 [00:10<00:00, 126.12it/s]
Epoch 81/100 - Loss: 0.4177
Epoch 82/100: 100%|████████████████████████████████████████████████████████████████████████████████████████████████████████████████████████████████████████████████████████| 1378/1378 [00:11<00:00, 125.26it/s]
Epoch 82/100 - Loss: 0.4167
Epoch 83/100: 100%|████████████████████████████████████████████████████████████████████████████████████████████████████████████████████████████████████████████████████████| 1378/1378 [00:10<00:00, 126.06it/s]
Epoch 83/100 - Loss: 0.4152
Epoch 84/100: 100%|████████████████████████████████████████████████████████████████████████████████████████████████████████████████████████████████████████████████████████| 1378/1378 [00:10<00:00, 125.75it/s]
Epoch 84/100 - Loss: 0.4184
Epoch 85/100: 100%|████████████████████████████████████████████████████████████████████████████████████████████████████████████████████████████████████████████████████████| 1378/1378 [00:10<00:00, 126.33it/s]
Epoch 85/100 - Loss: 0.4159
Epoch 86/100: 100%|████████████████████████████████████████████████████████████████████████████████████████████████████████████████████████████████████████████████████████| 1378/1378 [00:10<00:00, 125.81it/s]
Epoch 86/100 - Loss: 0.4168
Epoch 87/100: 100%|████████████████████████████████████████████████████████████████████████████████████████████████████████████████████████████████████████████████████████| 1378/1378 [00:11<00:00, 124.64it/s]
Epoch 87/100 - Loss: 0.4171
Epoch 88/100: 100%|████████████████████████████████████████████████████████████████████████████████████████████████████████████████████████████████████████████████████████| 1378/1378 [00:10<00:00, 126.15it/s]
Epoch 88/100 - Loss: 0.4173
Epoch 89/100: 100%|████████████████████████████████████████████████████████████████████████████████████████████████████████████████████████████████████████████████████████| 1378/1378 [00:10<00:00, 125.82it/s]
Epoch 89/100 - Loss: 0.4170
Epoch 90/100: 100%|████████████████████████████████████████████████████████████████████████████████████████████████████████████████████████████████████████████████████████| 1378/1378 [00:10<00:00, 125.73it/s]
Epoch 90/100 - Loss: 0.4177
Epoch 91/100: 100%|████████████████████████████████████████████████████████████████████████████████████████████████████████████████████████████████████████████████████████| 1378/1378 [00:10<00:00, 125.75it/s]
Epoch 91/100 - Loss: 0.4183
Epoch 92/100: 100%|████████████████████████████████████████████████████████████████████████████████████████████████████████████████████████████████████████████████████████| 1378/1378 [00:10<00:00, 125.88it/s]
Epoch 92/100 - Loss: 0.4174
Epoch 93/100: 100%|████████████████████████████████████████████████████████████████████████████████████████████████████████████████████████████████████████████████████████| 1378/1378 [00:11<00:00, 125.16it/s]
Epoch 93/100 - Loss: 0.4186
Epoch 94/100: 100%|████████████████████████████████████████████████████████████████████████████████████████████████████████████████████████████████████████████████████████| 1378/1378 [00:10<00:00, 126.11it/s]
Epoch 94/100 - Loss: 0.4173
Epoch 95/100: 100%|████████████████████████████████████████████████████████████████████████████████████████████████████████████████████████████████████████████████████████| 1378/1378 [00:10<00:00, 125.84it/s]
Epoch 95/100 - Loss: 0.4173
Epoch 96/100: 100%|████████████████████████████████████████████████████████████████████████████████████████████████████████████████████████████████████████████████████████| 1378/1378 [00:10<00:00, 125.64it/s]
Epoch 96/100 - Loss: 0.4171
Epoch 97/100: 100%|████████████████████████████████████████████████████████████████████████████████████████████████████████████████████████████████████████████████████████| 1378/1378 [00:10<00:00, 126.04it/s]
Epoch 97/100 - Loss: 0.4166
Epoch 98/100: 100%|████████████████████████████████████████████████████████████████████████████████████████████████████████████████████████████████████████████████████████| 1378/1378 [00:10<00:00, 125.76it/s]
Epoch 98/100 - Loss: 0.4177
Epoch 99/100: 100%|████████████████████████████████████████████████████████████████████████████████████████████████████████████████████████████████████████████████████████| 1378/1378 [00:11<00:00, 125.09it/s]
Epoch 99/100 - Loss: 0.4190
Epoch 100/100: 100%|███████████████████████████████████████████████████████████████████████████████████████████████████████████████████████████████████████████████████████| 1378/1378 [00:10<00:00, 126.13it/s]
Epoch 100/100 - Loss: 0.4173
Generating transfer curve...
Computing transfer curve: 100%|███████████████████████████████████████████████████████████████████████████████████████████████████████████████████████████████████████████| 1744/1744 [00:01<00:00, 1714.03it/s]
  → Saved: graphs\transfer_curve.png
Transfer curve complete!

Running inference...
running inference: 100%|██████████████████████████████████████████████████████████████████████████████████████████████████████████████████████████████████████████████| 352544/352544 [05:14<00:00, 1121.71it/s]
Saved output: modeled_amp_with_cab.wav

Visualizing output...
  → Saved: graphs\waveform_modeled_output.png
  → Saved: graphs\spectrum_modeled_output_spectrum.png

All done!